<?xml version="1.0" encoding="UTF-8"?>
<testsuite xmlns:xsi="http://www.w3.org/2001/XMLSchema-instance"
           xsi:noNamespaceSchemaLocation="https://maven.apache.org/surefire/maven-surefire-plugin/xsd/surefire-test-report.xsd"
           name="br.com.template.configuration.AbstractStoryConfiguration" time="56.27"
           tests="1" errors="0" skipped="0" failures="0">
<properties>
[...]
</properties>
<testcase name="cpf_validation.User validates tenant cpf score
Description: As a user i want to validate the presence of user cpf validation form" classname="br.com.template.configuration.AbstractStoryConfiguration" time="56.27"></testcase>
</testsuite>